INFO 2022-01-07 22:36:45,406 Watching for file changes with StatReloader
INFO 2022-01-07 22:36:51,220 "GET / HTTP/1.1" 302 0
INFO 2022-01-07 22:36:51,268 "GET /accounts/login/?next=/ HTTP/1.1" 200 3981
INFO 2022-01-07 22:36:51,300 "GET /static/plugins/fontawesome-free/css/all.min.css HTTP/1.1" 200 58582
INFO 2022-01-07 22:36:51,301 "GET /static/plugins/toastr/toastr.min.css HTTP/1.1" 200 6454
INFO 2022-01-07 22:36:51,307 "GET /static/dist/img/login.png HTTP/1.1" 200 144918
INFO 2022-01-07 22:36:51,311 "GET /static/dist/css/login-page.css HTTP/1.1" 200 9064
INFO 2022-01-07 22:36:51,313 "GET /static/plugins/overlayScrollbars/css/OverlayScrollbars.min.css HTTP/1.1" 200 19736
INFO 2022-01-07 22:36:51,320 "GET /static/dist/css/adminlte.min.css HTTP/1.1" 200 686718
INFO 2022-01-07 22:36:51,325 "GET /static/dist/js/jquery.formset.js HTTP/1.1" 200 13881
INFO 2022-01-07 22:36:51,341 "GET /static/plugins/toastr/toastr.min.js HTTP/1.1" 200 5253
INFO 2022-01-07 22:36:51,342 "GET /static/dist/js/demo.js HTTP/1.1" 200 13042
INFO 2022-01-07 22:36:51,348 "GET /static/dist/js/adminlte.js HTTP/1.1" 200 59416
INFO 2022-01-07 22:36:51,353 "GET /static/plugins/overlayScrollbars/js/jquery.overlayScrollbars.min.js HTTP/1.1" 200 42395
INFO 2022-01-07 22:36:51,355 "GET /static/plugins/jquery/jquery.min.js HTTP/1.1" 200 88147
INFO 2022-01-07 22:36:51,359 "GET /static/plugins/bootstrap/js/bootstrap.bundle.min.js HTTP/1.1" 200 80704
WARNING 2022-01-07 22:36:51,412 Not Found: /favicon.ico
WARNING 2022-01-07 22:36:51,412 "GET /favicon.ico HTTP/1.1" 404 6202
INFO 2022-01-07 22:36:51,909 "GET /accounts/login/?next=/ HTTP/1.1" 200 3981
INFO 2022-01-07 22:36:52,274 "GET /static/plugins/fontawesome-free/webfonts/fa-solid-900.woff2 HTTP/1.1" 200 79444
INFO 2022-01-07 22:36:56,990 "POST /accounts/login/ HTTP/1.1" 302 0
INFO 2022-01-07 22:36:57,139 "GET / HTTP/1.1" 200 9290
INFO 2022-01-07 22:36:57,174 "GET /static/plugins/Datatables/datatables.min.css HTTP/1.1" 200 25807
INFO 2022-01-07 22:36:57,258 "GET /static/plugins/fontawesome-free/webfonts/fa-regular-400.woff2 HTTP/1.1" 200 13584
INFO 2022-01-07 22:36:57,424 "GET /static/plugins/Datatables/datatables.min.js HTTP/1.1" 200 2042927
INFO 2022-01-07 22:37:33,523 "GET /site-config HTTP/1.1" 200 10862
INFO 2022-01-07 22:37:33,559 "GET /static/plugins/fontawesome-free/css/all.min.css HTTP/1.1" 304 0
INFO 2022-01-07 22:37:33,560 "GET /static/plugins/toastr/toastr.min.css HTTP/1.1" 304 0
INFO 2022-01-07 22:37:33,565 "GET /static/plugins/jquery/jquery.min.js HTTP/1.1" 304 0
INFO 2022-01-07 22:37:33,565 "GET /static/dist/js/jquery.formset.js HTTP/1.1" 304 0
INFO 2022-01-07 22:37:33,565 "GET /static/plugins/bootstrap/js/bootstrap.bundle.min.js HTTP/1.1" 304 0
INFO 2022-01-07 22:37:33,566 "GET /static/plugins/Datatables/datatables.min.css HTTP/1.1" 304 0
INFO 2022-01-07 22:37:33,566 "GET /static/dist/css/adminlte.min.css HTTP/1.1" 304 0
INFO 2022-01-07 22:37:33,566 "GET /static/plugins/overlayScrollbars/css/OverlayScrollbars.min.css HTTP/1.1" 304 0
INFO 2022-01-07 22:37:33,571 "GET /static/plugins/toastr/toastr.min.js HTTP/1.1" 304 0
INFO 2022-01-07 22:37:33,572 "GET /static/dist/js/demo.js HTTP/1.1" 304 0
INFO 2022-01-07 22:37:33,572 "GET /static/plugins/Datatables/datatables.min.js HTTP/1.1" 304 0
INFO 2022-01-07 22:37:33,572 "GET /static/dist/js/adminlte.js HTTP/1.1" 304 0
INFO 2022-01-07 22:37:33,572 "GET /static/plugins/overlayScrollbars/js/jquery.overlayScrollbars.min.js HTTP/1.1" 304 0
INFO 2022-01-07 22:38:55,851 "POST /site-config HTTP/1.1" 200 10914
INFO 2022-01-07 22:38:55,884 "GET /static/plugins/fontawesome-free/css/all.min.css HTTP/1.1" 304 0
INFO 2022-01-07 22:38:55,893 "GET /static/dist/js/jquery.formset.js HTTP/1.1" 304 0
INFO 2022-01-07 22:38:55,894 "GET /static/plugins/overlayScrollbars/css/OverlayScrollbars.min.css HTTP/1.1" 304 0
INFO 2022-01-07 22:38:55,895 "GET /static/plugins/jquery/jquery.min.js HTTP/1.1" 304 0
INFO 2022-01-07 22:38:55,895 "GET /static/plugins/Datatables/datatables.min.css HTTP/1.1" 304 0
INFO 2022-01-07 22:38:55,896 "GET /static/plugins/toastr/toastr.min.css HTTP/1.1" 304 0
INFO 2022-01-07 22:38:55,896 "GET /static/dist/css/adminlte.min.css HTTP/1.1" 304 0
INFO 2022-01-07 22:38:55,896 "GET /static/plugins/bootstrap/js/bootstrap.bundle.min.js HTTP/1.1" 304 0
INFO 2022-01-07 22:38:55,899 "GET /static/plugins/toastr/toastr.min.js HTTP/1.1" 304 0
INFO 2022-01-07 22:38:55,900 "GET /static/plugins/overlayScrollbars/js/jquery.overlayScrollbars.min.js HTTP/1.1" 304 0
INFO 2022-01-07 22:38:55,900 "GET /static/dist/js/adminlte.js HTTP/1.1" 304 0
INFO 2022-01-07 22:38:55,901 "GET /static/dist/js/demo.js HTTP/1.1" 304 0
INFO 2022-01-07 22:38:55,901 "GET /static/plugins/Datatables/datatables.min.js HTTP/1.1" 304 0
INFO 2022-01-07 22:38:55,968 "GET /static/plugins/fontawesome-free/webfonts/fa-regular-400.woff2 HTTP/1.1" 304 0
INFO 2022-01-07 22:38:55,968 "GET /static/plugins/fontawesome-free/webfonts/fa-solid-900.woff2 HTTP/1.1" 304 0
INFO 2022-01-07 22:39:00,000 "GET /session/list/ HTTP/1.1" 200 11598
INFO 2022-01-07 22:39:05,317 "GET /session/list/ HTTP/1.1" 200 11598
INFO 2022-01-07 22:39:08,025 "GET /term/list/ HTTP/1.1" 200 12231
INFO 2022-01-07 22:39:17,460 "GET /class/list/ HTTP/1.1" 200 11410
INFO 2022-01-07 22:39:21,176 "GET /result/create/ HTTP/1.1" 200 10386
INFO 2022-01-07 22:39:22,784 "GET /result/edit-results/ HTTP/1.1" 200 10104
INFO 2022-01-07 22:39:24,143 "GET /result/view/all HTTP/1.1" 200 8834
INFO 2022-01-07 22:39:25,534 "GET /result/create/ HTTP/1.1" 200 10386
INFO 2022-01-07 22:39:27,159 "POST /result/create/ HTTP/1.1" 200 10530
INFO 2022-01-07 22:39:31,185 "GET /student/list HTTP/1.1" 200 9946
INFO 2022-01-07 22:39:34,601 "GET /staff/list/ HTTP/1.1" 200 9687
INFO 2022-01-07 22:39:37,434 "GET /student/list HTTP/1.1" 200 9946
INFO 2022-01-07 22:39:40,527 "GET /site-config HTTP/1.1" 200 10862
INFO 2022-01-07 22:39:40,556 "GET /static/plugins/fontawesome-free/css/all.min.css HTTP/1.1" 304 0
INFO 2022-01-07 22:39:40,562 "GET /static/plugins/overlayScrollbars/css/OverlayScrollbars.min.css HTTP/1.1" 304 0
INFO 2022-01-07 22:39:40,563 "GET /static/plugins/toastr/toastr.min.css HTTP/1.1" 304 0
INFO 2022-01-07 22:39:40,567 "GET /static/plugins/Datatables/datatables.min.css HTTP/1.1" 304 0
INFO 2022-01-07 22:39:40,569 "GET /static/dist/css/adminlte.min.css HTTP/1.1" 304 0
INFO 2022-01-07 22:39:40,570 "GET /static/plugins/bootstrap/js/bootstrap.bundle.min.js HTTP/1.1" 304 0
INFO 2022-01-07 22:39:40,570 "GET /static/plugins/toastr/toastr.min.js HTTP/1.1" 304 0
INFO 2022-01-07 22:39:40,570 "GET /static/plugins/jquery/jquery.min.js HTTP/1.1" 304 0
INFO 2022-01-07 22:39:40,571 "GET /static/plugins/overlayScrollbars/js/jquery.overlayScrollbars.min.js HTTP/1.1" 304 0
INFO 2022-01-07 22:39:40,572 "GET /static/dist/js/jquery.formset.js HTTP/1.1" 304 0
INFO 2022-01-07 22:39:40,573 "GET /static/dist/js/adminlte.js HTTP/1.1" 304 0
INFO 2022-01-07 22:39:40,573 "GET /static/dist/js/demo.js HTTP/1.1" 304 0
INFO 2022-01-07 22:39:40,574 "GET /static/plugins/Datatables/datatables.min.js HTTP/1.1" 304 0
INFO 2022-01-07 22:39:58,385 "POST /site-config HTTP/1.1" 200 10884
INFO 2022-01-07 22:40:01,819 "POST /site-config HTTP/1.1" 200 10883
INFO 2022-01-07 22:40:03,260 "POST /site-config HTTP/1.1" 200 10883
INFO 2022-01-07 22:40:04,944 "GET / HTTP/1.1" 200 9290
INFO 2022-01-07 22:40:06,827 "GET /site-config HTTP/1.1" 200 10862
WARNING 2022-01-07 22:44:11,699 The request's session was deleted before the request completed. The user may have logged out in a concurrent request, for example.: /site-config
Traceback (most recent call last):
  File "C:\Users\msi\AppData\Roaming\Python\Python38\site-packages\django\db\backends\utils.py", line 84, in _execute
    return self.cursor.execute(sql, params)
  File "C:\Users\msi\AppData\Roaming\Python\Python38\site-packages\django\db\backends\sqlite3\base.py", line 423, in execute
    return Database.Cursor.execute(self, query, params)
sqlite3.OperationalError: database is locked

The above exception was the direct cause of the following exception:

Traceback (most recent call last):
  File "C:\Users\msi\AppData\Roaming\Python\Python38\site-packages\django\contrib\sessions\backends\db.py", line 87, in save
    obj.save(force_insert=must_create, force_update=not must_create, using=using)
  File "C:\Users\msi\AppData\Roaming\Python\Python38\site-packages\django\db\models\base.py", line 726, in save
    self.save_base(using=using, force_insert=force_insert,
  File "C:\Users\msi\AppData\Roaming\Python\Python38\site-packages\django\db\models\base.py", line 763, in save_base
    updated = self._save_table(
  File "C:\Users\msi\AppData\Roaming\Python\Python38\site-packages\django\db\models\base.py", line 845, in _save_table
    updated = self._do_update(base_qs, using, pk_val, values, update_fields,
  File "C:\Users\msi\AppData\Roaming\Python\Python38\site-packages\django\db\models\base.py", line 899, in _do_update
    return filtered._update(values) > 0
  File "C:\Users\msi\AppData\Roaming\Python\Python38\site-packages\django\db\models\query.py", line 802, in _update
    return query.get_compiler(self.db).execute_sql(CURSOR)
  File "C:\Users\msi\AppData\Roaming\Python\Python38\site-packages\django\db\models\sql\compiler.py", line 1559, in execute_sql
    cursor = super().execute_sql(result_type)
  File "C:\Users\msi\AppData\Roaming\Python\Python38\site-packages\django\db\models\sql\compiler.py", line 1175, in execute_sql
    cursor.execute(sql, params)
  File "C:\Users\msi\AppData\Roaming\Python\Python38\site-packages\django\db\backends\utils.py", line 98, in execute
    return super().execute(sql, params)
  File "C:\Users\msi\AppData\Roaming\Python\Python38\site-packages\django\db\backends\utils.py", line 66, in execute
    return self._execute_with_wrappers(sql, params, many=False, executor=self._execute)
  File "C:\Users\msi\AppData\Roaming\Python\Python38\site-packages\django\db\backends\utils.py", line 75, in _execute_with_wrappers
    return executor(sql, params, many, context)
  File "C:\Users\msi\AppData\Roaming\Python\Python38\site-packages\django\db\backends\utils.py", line 84, in _execute
    return self.cursor.execute(sql, params)
  File "C:\Users\msi\AppData\Roaming\Python\Python38\site-packages\django\db\utils.py", line 90, in __exit__
    raise dj_exc_value.with_traceback(traceback) from exc_value
  File "C:\Users\msi\AppData\Roaming\Python\Python38\site-packages\django\db\backends\utils.py", line 84, in _execute
    return self.cursor.execute(sql, params)
  File "C:\Users\msi\AppData\Roaming\Python\Python38\site-packages\django\db\backends\sqlite3\base.py", line 423, in execute
    return Database.Cursor.execute(self, query, params)
django.db.utils.OperationalError: database is locked

During handling of the above exception, another exception occurred:

Traceback (most recent call last):
  File "C:\Users\msi\AppData\Roaming\Python\Python38\site-packages\django\contrib\sessions\middleware.py", line 61, in process_response
    request.session.save()
  File "C:\Users\msi\AppData\Roaming\Python\Python38\site-packages\django\contrib\sessions\backends\db.py", line 94, in save
    raise UpdateError
django.contrib.sessions.backends.base.UpdateError

During handling of the above exception, another exception occurred:

Traceback (most recent call last):
  File "C:\Users\msi\AppData\Roaming\Python\Python38\site-packages\django\core\handlers\exception.py", line 47, in inner
    response = get_response(request)
  File "C:\Users\msi\AppData\Roaming\Python\Python38\site-packages\django\utils\deprecation.py", line 119, in __call__
    response = self.process_response(request, response)
  File "C:\Users\msi\AppData\Roaming\Python\Python38\site-packages\django\contrib\sessions\middleware.py", line 63, in process_response
    raise SessionInterrupted(
django.contrib.sessions.exceptions.SessionInterrupted: The request's session was deleted before the request completed. The user may have logged out in a concurrent request, for example.
WARNING 2022-01-07 22:44:11,702 "GET /site-config HTTP/1.1" 400 170832
WARNING 2022-01-07 22:44:32,213 The request's session was deleted before the request completed. The user may have logged out in a concurrent request, for example.: /
Traceback (most recent call last):
  File "C:\Users\msi\AppData\Roaming\Python\Python38\site-packages\django\db\backends\utils.py", line 84, in _execute
    return self.cursor.execute(sql, params)
  File "C:\Users\msi\AppData\Roaming\Python\Python38\site-packages\django\db\backends\sqlite3\base.py", line 423, in execute
    return Database.Cursor.execute(self, query, params)
sqlite3.OperationalError: database is locked

The above exception was the direct cause of the following exception:

Traceback (most recent call last):
  File "C:\Users\msi\AppData\Roaming\Python\Python38\site-packages\django\contrib\sessions\backends\db.py", line 87, in save
    obj.save(force_insert=must_create, force_update=not must_create, using=using)
  File "C:\Users\msi\AppData\Roaming\Python\Python38\site-packages\django\db\models\base.py", line 726, in save
    self.save_base(using=using, force_insert=force_insert,
  File "C:\Users\msi\AppData\Roaming\Python\Python38\site-packages\django\db\models\base.py", line 763, in save_base
    updated = self._save_table(
  File "C:\Users\msi\AppData\Roaming\Python\Python38\site-packages\django\db\models\base.py", line 845, in _save_table
    updated = self._do_update(base_qs, using, pk_val, values, update_fields,
  File "C:\Users\msi\AppData\Roaming\Python\Python38\site-packages\django\db\models\base.py", line 899, in _do_update
    return filtered._update(values) > 0
  File "C:\Users\msi\AppData\Roaming\Python\Python38\site-packages\django\db\models\query.py", line 802, in _update
    return query.get_compiler(self.db).execute_sql(CURSOR)
  File "C:\Users\msi\AppData\Roaming\Python\Python38\site-packages\django\db\models\sql\compiler.py", line 1559, in execute_sql
    cursor = super().execute_sql(result_type)
  File "C:\Users\msi\AppData\Roaming\Python\Python38\site-packages\django\db\models\sql\compiler.py", line 1175, in execute_sql
    cursor.execute(sql, params)
  File "C:\Users\msi\AppData\Roaming\Python\Python38\site-packages\django\db\backends\utils.py", line 98, in execute
    return super().execute(sql, params)
  File "C:\Users\msi\AppData\Roaming\Python\Python38\site-packages\django\db\backends\utils.py", line 66, in execute
    return self._execute_with_wrappers(sql, params, many=False, executor=self._execute)
  File "C:\Users\msi\AppData\Roaming\Python\Python38\site-packages\django\db\backends\utils.py", line 75, in _execute_with_wrappers
    return executor(sql, params, many, context)
  File "C:\Users\msi\AppData\Roaming\Python\Python38\site-packages\django\db\backends\utils.py", line 84, in _execute
    return self.cursor.execute(sql, params)
  File "C:\Users\msi\AppData\Roaming\Python\Python38\site-packages\django\db\utils.py", line 90, in __exit__
    raise dj_exc_value.with_traceback(traceback) from exc_value
  File "C:\Users\msi\AppData\Roaming\Python\Python38\site-packages\django\db\backends\utils.py", line 84, in _execute
    return self.cursor.execute(sql, params)
  File "C:\Users\msi\AppData\Roaming\Python\Python38\site-packages\django\db\backends\sqlite3\base.py", line 423, in execute
    return Database.Cursor.execute(self, query, params)
django.db.utils.OperationalError: database is locked

During handling of the above exception, another exception occurred:

Traceback (most recent call last):
  File "C:\Users\msi\AppData\Roaming\Python\Python38\site-packages\django\contrib\sessions\middleware.py", line 61, in process_response
    request.session.save()
  File "C:\Users\msi\AppData\Roaming\Python\Python38\site-packages\django\contrib\sessions\backends\db.py", line 94, in save
    raise UpdateError
django.contrib.sessions.backends.base.UpdateError

During handling of the above exception, another exception occurred:

Traceback (most recent call last):
  File "C:\Users\msi\AppData\Roaming\Python\Python38\site-packages\django\core\handlers\exception.py", line 47, in inner
    response = get_response(request)
  File "C:\Users\msi\AppData\Roaming\Python\Python38\site-packages\django\utils\deprecation.py", line 119, in __call__
    response = self.process_response(request, response)
  File "C:\Users\msi\AppData\Roaming\Python\Python38\site-packages\django\contrib\sessions\middleware.py", line 63, in process_response
    raise SessionInterrupted(
django.contrib.sessions.exceptions.SessionInterrupted: The request's session was deleted before the request completed. The user may have logged out in a concurrent request, for example.
WARNING 2022-01-07 22:44:32,214 "GET / HTTP/1.1" 400 170320
INFO 2022-01-07 22:45:16,018 Watching for file changes with StatReloader
WARNING 2022-01-07 22:45:25,273 The request's session was deleted before the request completed. The user may have logged out in a concurrent request, for example.: /
Traceback (most recent call last):
  File "C:\Users\msi\AppData\Roaming\Python\Python38\site-packages\django\db\backends\utils.py", line 84, in _execute
    return self.cursor.execute(sql, params)
  File "C:\Users\msi\AppData\Roaming\Python\Python38\site-packages\django\db\backends\sqlite3\base.py", line 423, in execute
    return Database.Cursor.execute(self, query, params)
sqlite3.OperationalError: database is locked

The above exception was the direct cause of the following exception:

Traceback (most recent call last):
  File "C:\Users\msi\AppData\Roaming\Python\Python38\site-packages\django\contrib\sessions\backends\db.py", line 87, in save
    obj.save(force_insert=must_create, force_update=not must_create, using=using)
  File "C:\Users\msi\AppData\Roaming\Python\Python38\site-packages\django\db\models\base.py", line 726, in save
    self.save_base(using=using, force_insert=force_insert,
  File "C:\Users\msi\AppData\Roaming\Python\Python38\site-packages\django\db\models\base.py", line 763, in save_base
    updated = self._save_table(
  File "C:\Users\msi\AppData\Roaming\Python\Python38\site-packages\django\db\models\base.py", line 845, in _save_table
    updated = self._do_update(base_qs, using, pk_val, values, update_fields,
  File "C:\Users\msi\AppData\Roaming\Python\Python38\site-packages\django\db\models\base.py", line 899, in _do_update
    return filtered._update(values) > 0
  File "C:\Users\msi\AppData\Roaming\Python\Python38\site-packages\django\db\models\query.py", line 802, in _update
    return query.get_compiler(self.db).execute_sql(CURSOR)
  File "C:\Users\msi\AppData\Roaming\Python\Python38\site-packages\django\db\models\sql\compiler.py", line 1559, in execute_sql
    cursor = super().execute_sql(result_type)
  File "C:\Users\msi\AppData\Roaming\Python\Python38\site-packages\django\db\models\sql\compiler.py", line 1175, in execute_sql
    cursor.execute(sql, params)
  File "C:\Users\msi\AppData\Roaming\Python\Python38\site-packages\django\db\backends\utils.py", line 98, in execute
    return super().execute(sql, params)
  File "C:\Users\msi\AppData\Roaming\Python\Python38\site-packages\django\db\backends\utils.py", line 66, in execute
    return self._execute_with_wrappers(sql, params, many=False, executor=self._execute)
  File "C:\Users\msi\AppData\Roaming\Python\Python38\site-packages\django\db\backends\utils.py", line 75, in _execute_with_wrappers
    return executor(sql, params, many, context)
  File "C:\Users\msi\AppData\Roaming\Python\Python38\site-packages\django\db\backends\utils.py", line 84, in _execute
    return self.cursor.execute(sql, params)
  File "C:\Users\msi\AppData\Roaming\Python\Python38\site-packages\django\db\utils.py", line 90, in __exit__
    raise dj_exc_value.with_traceback(traceback) from exc_value
  File "C:\Users\msi\AppData\Roaming\Python\Python38\site-packages\django\db\backends\utils.py", line 84, in _execute
    return self.cursor.execute(sql, params)
  File "C:\Users\msi\AppData\Roaming\Python\Python38\site-packages\django\db\backends\sqlite3\base.py", line 423, in execute
    return Database.Cursor.execute(self, query, params)
django.db.utils.OperationalError: database is locked

During handling of the above exception, another exception occurred:

Traceback (most recent call last):
  File "C:\Users\msi\AppData\Roaming\Python\Python38\site-packages\django\contrib\sessions\middleware.py", line 61, in process_response
    request.session.save()
  File "C:\Users\msi\AppData\Roaming\Python\Python38\site-packages\django\contrib\sessions\backends\db.py", line 94, in save
    raise UpdateError
django.contrib.sessions.backends.base.UpdateError

During handling of the above exception, another exception occurred:

Traceback (most recent call last):
  File "C:\Users\msi\AppData\Roaming\Python\Python38\site-packages\django\core\handlers\exception.py", line 47, in inner
    response = get_response(request)
  File "C:\Users\msi\AppData\Roaming\Python\Python38\site-packages\django\utils\deprecation.py", line 119, in __call__
    response = self.process_response(request, response)
  File "C:\Users\msi\AppData\Roaming\Python\Python38\site-packages\django\contrib\sessions\middleware.py", line 63, in process_response
    raise SessionInterrupted(
django.contrib.sessions.exceptions.SessionInterrupted: The request's session was deleted before the request completed. The user may have logged out in a concurrent request, for example.
WARNING 2022-01-07 22:45:25,276 "GET / HTTP/1.1" 400 170457
INFO 2022-01-07 22:45:54,293 "GET / HTTP/1.1" 200 9298
INFO 2022-01-07 22:45:54,320 "GET /static/plugins/fontawesome-free/css/all.min.css HTTP/1.1" 304 0
INFO 2022-01-07 22:45:54,321 "GET /static/plugins/toastr/toastr.min.css HTTP/1.1" 304 0
INFO 2022-01-07 22:45:54,327 "GET /static/plugins/Datatables/datatables.min.css HTTP/1.1" 304 0
INFO 2022-01-07 22:45:54,327 "GET /static/dist/js/jquery.formset.js HTTP/1.1" 304 0
INFO 2022-01-07 22:45:54,327 "GET /static/dist/css/adminlte.min.css HTTP/1.1" 304 0
INFO 2022-01-07 22:45:54,328 "GET /static/plugins/bootstrap/js/bootstrap.bundle.min.js HTTP/1.1" 304 0
INFO 2022-01-07 22:45:54,328 "GET /static/plugins/jquery/jquery.min.js HTTP/1.1" 304 0
INFO 2022-01-07 22:45:54,328 "GET /static/plugins/overlayScrollbars/css/OverlayScrollbars.min.css HTTP/1.1" 304 0
INFO 2022-01-07 22:45:54,331 "GET /static/plugins/toastr/toastr.min.js HTTP/1.1" 304 0
INFO 2022-01-07 22:45:54,333 "GET /static/plugins/Datatables/datatables.min.js HTTP/1.1" 304 0
INFO 2022-01-07 22:45:54,333 "GET /static/dist/js/adminlte.js HTTP/1.1" 304 0
INFO 2022-01-07 22:45:54,334 "GET /static/dist/js/demo.js HTTP/1.1" 304 0
INFO 2022-01-07 22:45:54,334 "GET /static/plugins/overlayScrollbars/js/jquery.overlayScrollbars.min.js HTTP/1.1" 304 0
INFO 2022-01-07 22:45:54,376 "GET /static/plugins/fontawesome-free/webfonts/fa-regular-400.woff2 HTTP/1.1" 304 0
INFO 2022-01-07 22:45:54,376 "GET /static/plugins/fontawesome-free/webfonts/fa-solid-900.woff2 HTTP/1.1" 304 0
INFO 2022-01-07 22:45:57,552 "GET /site-config HTTP/1.1" 200 10873
INFO 2022-01-07 22:46:02,685 "GET /session/list/ HTTP/1.1" 200 11606
INFO 2022-01-07 22:46:14,111 "POST /session/create/ HTTP/1.1" 302 0
INFO 2022-01-07 22:46:14,236 "GET /session/list/ HTTP/1.1" 200 12094
INFO 2022-01-07 22:46:18,694 "GET /student/list HTTP/1.1" 200 9954
INFO 2022-01-07 22:46:27,103 "GET /accounts/logout/ HTTP/1.1" 302 0
INFO 2022-01-07 22:46:27,117 "GET / HTTP/1.1" 302 0
INFO 2022-01-07 22:46:27,127 "GET /accounts/login/?next=/ HTTP/1.1" 200 3989
INFO 2022-01-07 22:46:27,156 "GET /static/dist/css/login-page.css HTTP/1.1" 304 0
INFO 2022-01-07 22:46:27,159 "GET /static/dist/img/login.png HTTP/1.1" 304 0
INFO 2022-01-07 22:51:05,109 "GET /accounts/login/?next=/ HTTP/1.1" 200 3989
INFO 2022-01-07 22:51:05,134 "GET /static/plugins/fontawesome-free/css/all.min.css HTTP/1.1" 304 0
INFO 2022-01-07 22:51:05,141 "GET /static/plugins/overlayScrollbars/css/OverlayScrollbars.min.css HTTP/1.1" 304 0
INFO 2022-01-07 22:51:05,142 "GET /static/plugins/toastr/toastr.min.css HTTP/1.1" 304 0
INFO 2022-01-07 22:51:05,143 "GET /static/dist/css/adminlte.min.css HTTP/1.1" 304 0
INFO 2022-01-07 22:51:05,144 "GET /static/dist/css/login-page.css HTTP/1.1" 304 0
INFO 2022-01-07 22:51:05,147 "GET /static/plugins/jquery/jquery.min.js HTTP/1.1" 304 0
INFO 2022-01-07 22:51:05,153 "GET /static/plugins/bootstrap/js/bootstrap.bundle.min.js HTTP/1.1" 304 0
INFO 2022-01-07 22:51:05,154 "GET /static/dist/js/jquery.formset.js HTTP/1.1" 304 0
INFO 2022-01-07 22:51:05,154 "GET /static/plugins/toastr/toastr.min.js HTTP/1.1" 304 0
INFO 2022-01-07 22:51:05,155 "GET /static/plugins/overlayScrollbars/js/jquery.overlayScrollbars.min.js HTTP/1.1" 304 0
INFO 2022-01-07 22:51:05,155 "GET /static/dist/js/adminlte.js HTTP/1.1" 304 0
INFO 2022-01-07 22:51:05,157 "GET /static/dist/js/demo.js HTTP/1.1" 304 0
INFO 2022-01-07 22:51:05,158 "GET /static/dist/img/login.png HTTP/1.1" 304 0
INFO 2022-01-07 22:51:05,241 "GET /static/plugins/fontawesome-free/webfonts/fa-solid-900.woff2 HTTP/1.1" 304 0
INFO 2022-01-07 22:51:05,901 "GET /accounts/login/?next=/ HTTP/1.1" 200 3989
INFO 2022-01-07 22:51:06,473 "GET /accounts/login/?next=/ HTTP/1.1" 200 3989
INFO 2022-01-07 22:55:09,674 Watching for file changes with StatReloader
INFO 2022-01-07 22:56:08,897 Watching for file changes with StatReloader
INFO 2022-01-07 22:56:20,757 "GET / HTTP/1.1" 302 0
INFO 2022-01-07 22:56:20,785 "GET /accounts/login/?next=/ HTTP/1.1" 200 3989
INFO 2022-01-07 22:56:20,863 "GET /static/plugins/fontawesome-free/css/all.min.css HTTP/1.1" 200 58582
INFO 2022-01-07 22:56:20,876 "GET /static/plugins/jquery/jquery.min.js HTTP/1.1" 200 88147
INFO 2022-01-07 22:56:20,902 "GET /static/plugins/bootstrap/js/bootstrap.bundle.min.js HTTP/1.1" 200 80704
INFO 2022-01-07 22:56:20,912 "GET /static/dist/js/jquery.formset.js HTTP/1.1" 200 13881
INFO 2022-01-07 22:56:20,930 "GET /static/plugins/toastr/toastr.min.js HTTP/1.1" 200 5253
INFO 2022-01-07 22:56:20,931 "GET /static/plugins/overlayScrollbars/css/OverlayScrollbars.min.css HTTP/1.1" 200 19736
INFO 2022-01-07 22:56:20,939 "GET /static/plugins/toastr/toastr.min.css HTTP/1.1" 200 6454
INFO 2022-01-07 22:56:20,941 "GET /static/dist/js/demo.js HTTP/1.1" 200 13042
INFO 2022-01-07 22:56:20,941 "GET /static/plugins/overlayScrollbars/js/jquery.overlayScrollbars.min.js HTTP/1.1" 200 42395
INFO 2022-01-07 22:56:20,946 "GET /static/dist/css/login-page.css HTTP/1.1" 200 9064
INFO 2022-01-07 22:56:20,957 "GET /static/dist/img/login.png HTTP/1.1" 200 445475
INFO 2022-01-07 22:56:20,966 "GET /static/dist/js/adminlte.js HTTP/1.1" 200 59416
INFO 2022-01-07 22:56:20,974 "GET /static/dist/css/adminlte.min.css HTTP/1.1" 200 686718
INFO 2022-01-07 22:56:21,406 "GET /static/plugins/fontawesome-free/webfonts/fa-solid-900.woff2 HTTP/1.1" 200 79444
INFO 2022-01-07 22:56:37,184 "POST /accounts/login/ HTTP/1.1" 302 0
INFO 2022-01-07 22:56:37,309 "GET / HTTP/1.1" 200 9298
INFO 2022-01-07 22:56:37,340 "GET /static/plugins/Datatables/datatables.min.css HTTP/1.1" 200 25807
INFO 2022-01-07 22:56:37,368 "GET /static/plugins/Datatables/datatables.min.js HTTP/1.1" 200 2042927
INFO 2022-01-07 22:56:37,421 "GET /static/plugins/fontawesome-free/webfonts/fa-regular-400.woff2 HTTP/1.1" 200 13584
INFO 2022-01-07 22:56:47,884 "GET /site-config HTTP/1.1" 200 10873
INFO 2022-01-07 22:56:53,969 "GET /session/list/ HTTP/1.1" 200 11949
INFO 2022-01-07 22:57:06,893 "POST /session/create/ HTTP/1.1" 302 0
INFO 2022-01-07 22:57:07,036 "GET /session/list/ HTTP/1.1" 200 12437
INFO 2022-01-07 22:57:14,603 "GET /term/list/ HTTP/1.1" 200 12239
INFO 2022-01-07 22:57:19,260 "GET /subject/list/ HTTP/1.1" 200 11405
INFO 2022-01-07 22:57:33,069 "POST /subject/create/ HTTP/1.1" 302 0
INFO 2022-01-07 22:57:33,219 "GET /subject/list/ HTTP/1.1" 200 11835
INFO 2022-01-07 22:57:42,411 "POST /subject/create/ HTTP/1.1" 302 0
INFO 2022-01-07 22:57:42,544 "GET /subject/list/ HTTP/1.1" 200 12122
INFO 2022-01-07 22:57:45,487 "GET /subject/4/delete/ HTTP/1.1" 200 9997
INFO 2022-01-07 22:57:47,136 "POST /subject/4/delete/ HTTP/1.1" 302 0
INFO 2022-01-07 22:57:47,253 "GET /subject/list/ HTTP/1.1" 200 11873
INFO 2022-01-07 22:57:54,361 "GET /class/list/ HTTP/1.1" 200 11418
INFO 2022-01-07 22:58:10,004 "POST /class/create/ HTTP/1.1" 302 0
INFO 2022-01-07 22:58:10,120 "GET /class/list/ HTTP/1.1" 200 11844
INFO 2022-01-07 22:58:21,478 "GET /student/list HTTP/1.1" 200 9954
INFO 2022-01-07 22:58:25,570 "GET /student/create/ HTTP/1.1" 200 13660
INFO 2022-01-07 22:59:46,572 "POST /student/create/ HTTP/1.1" 302 0
INFO 2022-01-07 22:59:46,732 "GET /student/1/ HTTP/1.1" 200 11314
INFO 2022-01-07 22:59:46,757 "GET /static/plugins/fontawesome-free/css/all.min.css HTTP/1.1" 304 0
INFO 2022-01-07 22:59:46,758 "GET /static/plugins/toastr/toastr.min.css HTTP/1.1" 304 0
INFO 2022-01-07 22:59:46,758 "GET /static/plugins/overlayScrollbars/css/OverlayScrollbars.min.css HTTP/1.1" 304 0
INFO 2022-01-07 22:59:46,759 "GET /static/plugins/Datatables/datatables.min.css HTTP/1.1" 304 0
INFO 2022-01-07 22:59:46,759 "GET /static/dist/css/adminlte.min.css HTTP/1.1" 304 0
INFO 2022-01-07 22:59:46,760 "GET /static/plugins/jquery/jquery.min.js HTTP/1.1" 304 0
INFO 2022-01-07 22:59:46,767 "GET /static/dist/js/demo.js HTTP/1.1" 304 0
INFO 2022-01-07 22:59:46,767 "GET /static/plugins/toastr/toastr.min.js HTTP/1.1" 304 0
INFO 2022-01-07 22:59:46,768 "GET /static/dist/js/jquery.formset.js HTTP/1.1" 304 0
INFO 2022-01-07 22:59:46,768 "GET /static/plugins/bootstrap/js/bootstrap.bundle.min.js HTTP/1.1" 304 0
INFO 2022-01-07 22:59:46,769 "GET /static/plugins/overlayScrollbars/js/jquery.overlayScrollbars.min.js HTTP/1.1" 304 0
INFO 2022-01-07 22:59:46,769 "GET /static/dist/js/adminlte.js HTTP/1.1" 304 0
INFO 2022-01-07 22:59:46,776 "GET /static/plugins/Datatables/datatables.min.js HTTP/1.1" 304 0
INFO 2022-01-07 22:59:46,889 "GET /media/students/passports/projectworlds.png HTTP/1.1" 200 13585
INFO 2022-01-07 23:00:00,782 "GET /student/1/update/ HTTP/1.1" 200 13963
INFO 2022-01-07 23:00:04,922 "GET /student/list HTTP/1.1" 200 9954
INFO 2022-01-07 23:00:06,989 "GET /student/upload/ HTTP/1.1" 200 10009
INFO 2022-01-07 23:00:14,256 "GET /student/download-csv/ HTTP/1.1" 200 94
INFO 2022-01-07 23:02:33,819 "POST /student/upload/ HTTP/1.1" 302 0
INFO 2022-01-07 23:02:34,036 "GET /student/list HTTP/1.1" 200 10099
INFO 2022-01-07 23:02:39,461 "GET /student/list HTTP/1.1" 200 9954
INFO 2022-01-07 23:02:39,751 "GET /static/plugins/toastr/toastr.min.css HTTP/1.1" 304 0
INFO 2022-01-07 23:02:39,752 "GET /static/plugins/fontawesome-free/css/all.min.css HTTP/1.1" 304 0
INFO 2022-01-07 23:02:39,759 "GET /static/plugins/Datatables/datatables.min.css HTTP/1.1" 304 0
INFO 2022-01-07 23:02:39,759 "GET /static/plugins/overlayScrollbars/css/OverlayScrollbars.min.css HTTP/1.1" 304 0
INFO 2022-01-07 23:02:39,775 "GET /static/dist/css/adminlte.min.css HTTP/1.1" 304 0
INFO 2022-01-07 23:02:39,778 "GET /static/plugins/jquery/jquery.min.js HTTP/1.1" 304 0
INFO 2022-01-07 23:02:39,782 "GET /static/plugins/bootstrap/js/bootstrap.bundle.min.js HTTP/1.1" 304 0
INFO 2022-01-07 23:02:39,783 "GET /static/plugins/toastr/toastr.min.js HTTP/1.1" 304 0
INFO 2022-01-07 23:02:39,784 "GET /static/dist/js/jquery.formset.js HTTP/1.1" 304 0
INFO 2022-01-07 23:02:39,789 "GET /static/plugins/overlayScrollbars/js/jquery.overlayScrollbars.min.js HTTP/1.1" 304 0
INFO 2022-01-07 23:02:39,793 "GET /static/dist/js/adminlte.js HTTP/1.1" 304 0
INFO 2022-01-07 23:02:39,795 "GET /static/dist/js/demo.js HTTP/1.1" 304 0
INFO 2022-01-07 23:02:39,795 "GET /static/plugins/Datatables/datatables.min.js HTTP/1.1" 304 0
INFO 2022-01-07 23:02:49,228 "GET /student/create/ HTTP/1.1" 200 13695
INFO 2022-01-07 23:03:24,013 "POST /student/create/ HTTP/1.1" 200 13887
INFO 2022-01-07 23:03:30,756 "POST /student/create/ HTTP/1.1" 302 0
INFO 2022-01-07 23:03:31,004 "GET /student/3/ HTTP/1.1" 200 11297
INFO 2022-01-07 23:03:31,095 "GET /static/dist/img/avatar.png HTTP/1.1" 200 8543
INFO 2022-01-07 23:03:34,773 "GET /student/3/update/ HTTP/1.1" 200 13766
INFO 2022-01-07 23:03:42,330 "POST /student/3/update/ HTTP/1.1" 302 0
INFO 2022-01-07 23:03:42,764 "GET /student/3/ HTTP/1.1" 200 11298
INFO 2022-01-07 23:03:46,159 "GET /student/list HTTP/1.1" 200 9954
INFO 2022-01-07 23:05:04,576 "GET /student/list HTTP/1.1" 200 9954
INFO 2022-01-07 23:05:08,969 "GET / HTTP/1.1" 200 9298
INFO 2022-01-07 23:05:15,950 "GET /finance/list/ HTTP/1.1" 200 9933
INFO 2022-01-07 23:05:19,684 "GET /finance/create/ HTTP/1.1" 200 13686
INFO 2022-01-07 23:06:47,475 "POST /finance/create/ HTTP/1.1" 302 0
INFO 2022-01-07 23:06:47,633 "GET /finance/list HTTP/1.1" 301 0
INFO 2022-01-07 23:06:47,799 "GET /finance/list/ HTTP/1.1" 200 10353
INFO 2022-01-07 23:06:47,845 "GET /static/plugins/fontawesome-free/css/all.min.css HTTP/1.1" 304 0
INFO 2022-01-07 23:06:47,848 "GET /static/plugins/overlayScrollbars/css/OverlayScrollbars.min.css HTTP/1.1" 304 0
INFO 2022-01-07 23:06:47,849 "GET /static/plugins/toastr/toastr.min.css HTTP/1.1" 304 0
INFO 2022-01-07 23:06:47,857 "GET /static/plugins/Datatables/datatables.min.css HTTP/1.1" 304 0
INFO 2022-01-07 23:06:47,858 "GET /static/dist/css/adminlte.min.css HTTP/1.1" 304 0
INFO 2022-01-07 23:06:47,863 "GET /static/plugins/jquery/jquery.min.js HTTP/1.1" 304 0
INFO 2022-01-07 23:06:47,866 "GET /static/dist/js/jquery.formset.js HTTP/1.1" 304 0
INFO 2022-01-07 23:06:47,871 "GET /static/plugins/bootstrap/js/bootstrap.bundle.min.js HTTP/1.1" 304 0
INFO 2022-01-07 23:06:47,872 "GET /static/plugins/toastr/toastr.min.js HTTP/1.1" 304 0
INFO 2022-01-07 23:06:47,872 "GET /static/plugins/overlayScrollbars/js/jquery.overlayScrollbars.min.js HTTP/1.1" 304 0
INFO 2022-01-07 23:06:47,873 "GET /static/dist/js/demo.js HTTP/1.1" 304 0
INFO 2022-01-07 23:06:47,874 "GET /static/dist/js/adminlte.js HTTP/1.1" 304 0
INFO 2022-01-07 23:06:47,877 "GET /static/plugins/Datatables/datatables.min.js HTTP/1.1" 304 0
INFO 2022-01-07 23:06:55,626 "GET /finance/create/ HTTP/1.1" 200 13686
INFO 2022-01-07 23:06:59,977 "GET /finance/list/ HTTP/1.1" 200 10353
INFO 2022-01-07 23:07:04,048 - Broken pipe from ('127.0.0.1', 55028)

INFO 2022-01-07 23:07:04,220 "GET /finance/receipt/create?invoice=1 HTTP/1.1" 200 10851
INFO 2022-01-07 23:07:18,913 "POST /finance/receipt/create?invoice=1 HTTP/1.1" 302 0
INFO 2022-01-07 23:07:19,205 "GET /finance/list/ HTTP/1.1" 200 10355
INFO 2022-01-07 23:07:26,524 "GET /staff/list/ HTTP/1.1" 200 9695
INFO 2022-01-07 23:07:31,146 "GET /staff/create/ HTTP/1.1" 200 12608
INFO 2022-01-07 23:07:40,463 "GET /result/view/all HTTP/1.1" 200 8842
INFO 2022-01-07 23:07:48,213 "GET /result/create/ HTTP/1.1" 200 10923
INFO 2022-01-07 23:07:59,394 "POST /result/create/ HTTP/1.1" 200 11146
INFO 2022-01-07 23:08:10,904 "POST /result/create/ HTTP/1.1" 302 0
INFO 2022-01-07 23:08:11,417 "GET /result/edit-results/ HTTP/1.1" 200 12057
INFO 2022-01-07 23:08:44,225 "POST /result/edit-results/ HTTP/1.1" 302 0
INFO 2022-01-07 23:08:44,681 "GET /result/edit-results/ HTTP/1.1" 200 12212
INFO 2022-01-07 23:08:52,092 "GET /result/view/all HTTP/1.1" 200 10295
INFO 2022-01-07 23:09:01,934 "GET /result/create/ HTTP/1.1" 200 10923
INFO 2022-01-07 23:09:09,356 "GET /result/view/all HTTP/1.1" 200 10295
INFO 2022-01-07 23:09:14,933 "GET /result/edit-results/ HTTP/1.1" 200 12069
INFO 2022-01-07 23:09:25,474 "POST /result/edit-results/ HTTP/1.1" 302 0
INFO 2022-01-07 23:09:26,075 "GET /result/edit-results/ HTTP/1.1" 200 12212
INFO 2022-01-07 23:09:30,424 "GET /result/view/all HTTP/1.1" 200 10295
INFO 2022-01-07 23:09:39,427 "GET / HTTP/1.1" 200 9298
INFO 2022-01-07 23:09:46,083 "GET /finance/list/ HTTP/1.1" 200 10355
INFO 2022-01-07 23:09:51,257 "GET /finance/1/detail/ HTTP/1.1" 200 11415
INFO 2023-08-16 13:37:26,131 Watching for file changes with StatReloader
INFO 2023-08-16 13:37:34,040 "GET / HTTP/1.1" 302 0
INFO 2023-08-16 13:37:34,182 "GET /accounts/login/?next=/ HTTP/1.1" 200 3989
INFO 2023-08-16 13:37:35,297 "GET /static/plugins/fontawesome-free/css/all.min.css HTTP/1.1" 200 58582
INFO 2023-08-16 13:37:35,311 "GET /static/dist/js/jquery.formset.js HTTP/1.1" 200 13881
INFO 2023-08-16 13:37:35,333 "GET /static/plugins/bootstrap/js/bootstrap.bundle.min.js HTTP/1.1" 200 80704
INFO 2023-08-16 13:37:35,342 "GET /static/plugins/toastr/toastr.min.js HTTP/1.1" 200 5253
INFO 2023-08-16 13:37:35,354 "GET /static/plugins/overlayScrollbars/js/jquery.overlayScrollbars.min.js HTTP/1.1" 200 42395
INFO 2023-08-16 13:37:35,370 "GET /static/dist/js/adminlte.js HTTP/1.1" 200 59416
INFO 2023-08-16 13:37:35,393 "GET /static/dist/js/demo.js HTTP/1.1" 200 13042
INFO 2023-08-16 13:37:35,488 "GET /static/plugins/toastr/toastr.min.css HTTP/1.1" 200 6454
INFO 2023-08-16 13:37:35,538 "GET /static/dist/css/login-page.css HTTP/1.1" 200 9064
INFO 2023-08-16 13:37:35,630 "GET /static/plugins/overlayScrollbars/css/OverlayScrollbars.min.css HTTP/1.1" 200 19736
INFO 2023-08-16 13:37:35,639 "GET /static/plugins/jquery/jquery.min.js HTTP/1.1" 200 88147
INFO 2023-08-16 13:37:35,701 "GET /static/dist/css/adminlte.min.css HTTP/1.1" 200 686718
INFO 2023-08-16 13:37:36,056 "GET /static/dist/img/login.png HTTP/1.1" 200 445475
INFO 2023-08-16 13:37:36,211 "GET /static/plugins/fontawesome-free/webfonts/fa-solid-900.woff2 HTTP/1.1" 200 79444
WARNING 2023-08-16 13:37:38,027 Not Found: /admin/
WARNING 2023-08-16 13:37:38,029 "GET /admin/ HTTP/1.1" 404 6187
INFO 2023-08-16 13:38:51,774 "POST /accounts/login/ HTTP/1.1" 302 0
INFO 2023-08-16 13:38:51,842 "GET / HTTP/1.1" 200 9298
INFO 2023-08-16 13:38:52,260 "GET /static/plugins/toastr/toastr.min.css HTTP/1.1" 304 0
INFO 2023-08-16 13:38:52,260 "GET /static/plugins/fontawesome-free/css/all.min.css HTTP/1.1" 304 0
INFO 2023-08-16 13:38:52,283 "GET /static/plugins/overlayScrollbars/css/OverlayScrollbars.min.css HTTP/1.1" 304 0
INFO 2023-08-16 13:38:52,287 "GET /static/plugins/jquery/jquery.min.js HTTP/1.1" 304 0
INFO 2023-08-16 13:38:52,288 "GET /static/dist/css/adminlte.min.css HTTP/1.1" 304 0
INFO 2023-08-16 13:38:52,306 "GET /static/dist/js/jquery.formset.js HTTP/1.1" 304 0
INFO 2023-08-16 13:38:52,312 "GET /static/plugins/bootstrap/js/bootstrap.bundle.min.js HTTP/1.1" 304 0
INFO 2023-08-16 13:38:52,314 "GET /static/plugins/overlayScrollbars/js/jquery.overlayScrollbars.min.js HTTP/1.1" 304 0
INFO 2023-08-16 13:38:52,316 "GET /static/plugins/toastr/toastr.min.js HTTP/1.1" 304 0
INFO 2023-08-16 13:38:52,320 "GET /static/dist/js/demo.js HTTP/1.1" 304 0
INFO 2023-08-16 13:38:52,320 "GET /static/plugins/Datatables/datatables.min.css HTTP/1.1" 200 25807
INFO 2023-08-16 13:38:52,323 "GET /static/dist/js/adminlte.js HTTP/1.1" 304 0
INFO 2023-08-16 13:38:52,528 "GET /static/plugins/Datatables/datatables.min.js HTTP/1.1" 200 2042927
INFO 2023-08-16 13:38:52,671 "GET /static/plugins/fontawesome-free/webfonts/fa-regular-400.woff2 HTTP/1.1" 200 13584
INFO 2023-08-16 13:38:57,937 "GET /staff/list/ HTTP/1.1" 200 9695
INFO 2023-08-16 13:39:01,704 "GET /finance/list/ HTTP/1.1" 200 10355
INFO 2023-08-16 13:39:08,678 "GET /result/create/ HTTP/1.1" 200 10923
INFO 2023-08-16 13:39:10,262 "GET /result/edit-results/ HTTP/1.1" 200 12069
INFO 2023-08-16 13:39:11,436 "GET /result/view/all HTTP/1.1" 200 10295
INFO 2023-08-16 13:39:14,010 "GET /session/list/ HTTP/1.1" 200 12292
INFO 2023-08-16 13:39:17,774 "GET /term/list/ HTTP/1.1" 200 12239
INFO 2023-08-16 13:39:21,113 "GET /subject/list/ HTTP/1.1" 200 11690
INFO 2023-08-16 13:39:24,045 "GET /class/list/ HTTP/1.1" 200 11979
INFO 2023-08-16 13:39:31,873 "POST /class/create/ HTTP/1.1" 302 0
INFO 2023-08-16 13:39:31,924 "GET /class/list/ HTTP/1.1" 200 12397
INFO 2023-08-16 13:39:34,415 "GET /site-config HTTP/1.1" 200 10873
INFO 2023-08-16 13:39:38,074 "GET /staff/list/ HTTP/1.1" 200 9695
INFO 2023-08-16 13:39:39,960 "GET /student/list HTTP/1.1" 200 9954
INFO 2023-08-16 13:39:40,033 "GET /static/plugins/jquery/jquery.min.js HTTP/1.1" 304 0
INFO 2023-08-16 13:39:40,043 "GET /static/plugins/overlayScrollbars/js/jquery.overlayScrollbars.min.js HTTP/1.1" 304 0
INFO 2023-08-16 13:39:40,044 "GET /static/plugins/toastr/toastr.min.js HTTP/1.1" 304 0
INFO 2023-08-16 16:07:56,878 Watching for file changes with StatReloader
INFO 2023-08-16 16:08:03,888 "GET / HTTP/1.1" 302 0
INFO 2023-08-16 16:08:04,278 "GET /accounts/login/?next=/ HTTP/1.1" 200 3989
INFO 2023-08-16 16:08:04,666 "GET /static/dist/css/adminlte.min.css HTTP/1.1" 304 0
INFO 2023-08-16 16:08:05,205 "GET /static/plugins/fontawesome-free/css/all.min.css HTTP/1.1" 200 58582
INFO 2023-08-16 16:08:05,218 "GET /static/dist/img/login.png HTTP/1.1" 200 445475
INFO 2023-08-16 16:08:05,223 "GET /static/dist/js/jquery.formset.js HTTP/1.1" 304 0
INFO 2023-08-16 16:08:05,232 "GET /static/plugins/toastr/toastr.min.js HTTP/1.1" 304 0
INFO 2023-08-16 16:08:05,237 "GET /static/plugins/overlayScrollbars/js/jquery.overlayScrollbars.min.js HTTP/1.1" 304 0
INFO 2023-08-16 16:08:05,247 "GET /static/dist/js/adminlte.js HTTP/1.1" 304 0
INFO 2023-08-16 16:08:05,255 "GET /static/dist/js/demo.js HTTP/1.1" 304 0
INFO 2023-08-16 16:08:05,279 "GET /static/dist/css/login-page.css HTTP/1.1" 200 9064
INFO 2023-08-16 16:08:05,310 "GET /static/plugins/overlayScrollbars/css/OverlayScrollbars.min.css HTTP/1.1" 200 19736
INFO 2023-08-16 16:08:05,350 "GET /static/plugins/toastr/toastr.min.css HTTP/1.1" 200 6454
INFO 2023-08-16 16:08:05,389 "GET /static/plugins/bootstrap/js/bootstrap.bundle.min.js HTTP/1.1" 200 80704
INFO 2023-08-16 16:08:05,417 "GET /static/plugins/jquery/jquery.min.js HTTP/1.1" 200 88147
INFO 2023-08-16 16:08:05,456 "GET /static/plugins/fontawesome-free/webfonts/fa-solid-900.woff2 HTTP/1.1" 200 79444
WARNING 2023-08-16 16:08:05,722 Not Found: /favicon.ico
INFO 2023-08-16 16:08:05,726 - Broken pipe from ('127.0.0.1', 51965)
INFO 2023-08-16 16:20:15,259 C:\Users\SWAPNIL\Downloads\Django-School-Management-System\Django-School-Management-System\apps\corecode\migrations\__init__.py changed, reloading.
INFO 2023-08-16 16:20:17,601 Watching for file changes with StatReloader
INFO 2023-08-16 16:20:21,564 C:\Users\SWAPNIL\Downloads\Django-School-Management-System\Django-School-Management-System\apps\corecode\migrations\0003_auto_20200726_0925.py changed, reloading.
INFO 2023-08-16 16:20:23,181 Watching for file changes with StatReloader
INFO 2023-08-16 16:22:56,533 C:\Users\SWAPNIL\Downloads\Django-School-Management-System\Django-School-Management-System\apps\finance\migrations\0001_initial.py changed, reloading.
INFO 2023-08-16 16:22:58,305 Watching for file changes with StatReloader
INFO 2023-08-16 16:23:59,949 C:\Users\SWAPNIL\Downloads\Django-School-Management-System\Django-School-Management-System\apps\result\migrations\0001_initial.py changed, reloading.
INFO 2023-08-16 16:24:01,743 Watching for file changes with StatReloader
INFO 2023-08-16 16:24:51,985 C:\Users\SWAPNIL\Downloads\Django-School-Management-System\Django-School-Management-System\apps\staffs\migrations\0001_initial.py changed, reloading.
INFO 2023-08-16 16:24:54,048 Watching for file changes with StatReloader
INFO 2023-08-16 16:24:59,000 C:\Users\SWAPNIL\Downloads\Django-School-Management-System\Django-School-Management-System\apps\staffs\migrations\0002_auto_20201124_0614.py changed, reloading.
INFO 2023-08-16 16:25:00,643 Watching for file changes with StatReloader
INFO 2023-08-16 16:25:35,741 C:\Users\SWAPNIL\Downloads\Django-School-Management-System\Django-School-Management-System\apps\students\migrations\0001_initial.py changed, reloading.
INFO 2023-08-16 16:25:37,746 Watching for file changes with StatReloader
INFO 2023-08-16 16:35:39,653 Watching for file changes with StatReloader
INFO 2023-08-16 16:35:44,836 "GET / HTTP/1.1" 302 0
INFO 2023-08-16 16:35:44,900 "GET /accounts/login/?next=/ HTTP/1.1" 200 3989
INFO 2023-08-16 16:35:44,995 "GET /static/plugins/fontawesome-free/css/all.min.css HTTP/1.1" 304 0
INFO 2023-08-16 16:35:44,997 "GET /static/plugins/toastr/toastr.min.css HTTP/1.1" 304 0
INFO 2023-08-16 16:35:45,008 "GET /static/dist/css/adminlte.min.css HTTP/1.1" 304 0
INFO 2023-08-16 16:35:45,008 "GET /static/plugins/overlayScrollbars/css/OverlayScrollbars.min.css HTTP/1.1" 304 0
INFO 2023-08-16 16:35:45,014 "GET /static/plugins/jquery/jquery.min.js HTTP/1.1" 304 0
INFO 2023-08-16 16:35:45,023 "GET /static/plugins/toastr/toastr.min.js HTTP/1.1" 304 0
INFO 2023-08-16 16:35:45,024 "GET /static/plugins/bootstrap/js/bootstrap.bundle.min.js HTTP/1.1" 304 0
INFO 2023-08-16 16:35:45,028 "GET /static/dist/js/demo.js HTTP/1.1" 304 0
INFO 2023-08-16 16:35:45,066 "GET /static/dist/css/login-page.css HTTP/1.1" 304 0
INFO 2023-08-16 16:35:45,070 "GET /static/dist/img/login.png HTTP/1.1" 304 0
INFO 2023-08-16 16:35:45,088 "GET /static/dist/js/jquery.formset.js HTTP/1.1" 304 0
INFO 2023-08-16 16:35:45,089 "GET /static/plugins/overlayScrollbars/js/jquery.overlayScrollbars.min.js HTTP/1.1" 304 0
INFO 2023-08-16 16:35:45,092 "GET /static/dist/js/adminlte.js HTTP/1.1" 304 0
INFO 2023-08-16 16:35:45,305 "GET /static/plugins/fontawesome-free/webfonts/fa-solid-900.woff2 HTTP/1.1" 304 0
INFO 2023-08-16 16:35:58,938 "POST /accounts/login/ HTTP/1.1" 302 0
INFO 2023-08-16 16:35:58,987 "GET / HTTP/1.1" 200 9298
INFO 2023-08-16 16:35:59,359 "GET /static/plugins/Datatables/datatables.min.js HTTP/1.1" 304 0
INFO 2023-08-16 16:36:00,002 "GET /static/plugins/Datatables/datatables.min.css HTTP/1.1" 200 25807
INFO 2023-08-16 16:36:00,066 "GET /static/plugins/fontawesome-free/webfonts/fa-regular-400.woff2 HTTP/1.1" 200 13584
INFO 2023-08-16 16:36:04,364 "GET /student/list HTTP/1.1" 200 9954
INFO 2023-08-16 16:36:07,292 "GET /student/create/ HTTP/1.1" 200 13727
INFO 2023-08-16 16:36:11,392 "GET /staff/list/ HTTP/1.1" 200 9695
INFO 2023-08-16 16:36:14,297 "GET /student/list HTTP/1.1" 200 9954
INFO 2023-08-16 16:36:16,558 "GET /student/create/ HTTP/1.1" 200 13727
INFO 2023-08-16 16:36:39,993 "POST /student/create/ HTTP/1.1" 302 0
INFO 2023-08-16 16:36:40,045 "GET /student/4/ HTTP/1.1" 200 11274
INFO 2023-08-16 16:36:40,108 "GET /static/dist/img/avatar.png HTTP/1.1" 200 8543
INFO 2023-08-16 16:36:46,739 "GET /staff/list/ HTTP/1.1" 200 9695
INFO 2023-08-16 16:36:48,396 "GET /student/list HTTP/1.1" 200 9954
INFO 2023-08-16 16:36:51,711 "GET /staff/list/ HTTP/1.1" 200 9695
INFO 2023-08-16 16:36:52,982 "GET /student/list HTTP/1.1" 200 9954
INFO 2023-08-16 16:36:56,510 "GET /current-session/ HTTP/1.1" 200 10606
INFO 2023-08-16 16:37:01,341 "GET /current-session/ HTTP/1.1" 200 10606
INFO 2023-08-16 16:37:02,220 "GET / HTTP/1.1" 200 9298
INFO 2023-08-16 16:37:05,513 "GET /student/list HTTP/1.1" 200 9954
INFO 2023-08-16 16:37:08,438 "GET /student/create/ HTTP/1.1" 200 13727
INFO 2023-08-16 16:37:23,899 "POST /student/create/ HTTP/1.1" 302 0
INFO 2023-08-16 16:37:23,942 "GET /student/5/ HTTP/1.1" 200 11257
INFO 2023-08-16 16:37:31,990 "GET /staff/list/ HTTP/1.1" 200 9695
INFO 2023-08-16 16:37:33,588 "GET /student/list HTTP/1.1" 200 9954
INFO 2023-08-16 16:37:41,428 "GET /staff/list/ HTTP/1.1" 200 9695
INFO 2023-08-16 16:37:50,057 "GET /staff/create/ HTTP/1.1" 200 12608
INFO 2023-08-16 16:38:04,710 "POST /staff/create/ HTTP/1.1" 302 0
INFO 2023-08-16 16:38:04,753 "GET /staff/1/ HTTP/1.1" 200 10812
INFO 2023-08-16 16:38:13,893 "GET /student/list HTTP/1.1" 200 9954
INFO 2023-08-16 16:38:14,944 "GET /staff/list/ HTTP/1.1" 200 9897
INFO 2023-08-16 16:38:18,884 "GET /student/list HTTP/1.1" 200 9954
INFO 2023-08-16 16:38:30,839 "GET /result/create/ HTTP/1.1" 200 11279
INFO 2023-08-16 16:38:36,909 "GET /student/list HTTP/1.1" 200 9954
INFO 2023-08-16 16:38:40,785 "GET /staff/list/ HTTP/1.1" 200 9897
INFO 2023-08-16 16:38:43,852 "GET /result/edit-results/ HTTP/1.1" 200 12069
INFO 2023-08-16 16:38:45,608 "GET /result/view/all HTTP/1.1" 200 10295
INFO 2023-08-16 16:38:49,735 "GET /session/list/ HTTP/1.1" 200 12292
INFO 2023-08-16 16:38:53,363 "GET /session/list/ HTTP/1.1" 200 12292
INFO 2023-08-16 16:38:54,726 "GET /site-config HTTP/1.1" 200 10873
INFO 2023-08-16 16:39:07,020 "POST /site-config HTTP/1.1" 200 10880
INFO 2023-08-16 16:39:09,153 "GET /staff/list/ HTTP/1.1" 200 9897
INFO 2023-08-16 16:39:10,450 "GET /student/list HTTP/1.1" 200 9954
INFO 2023-08-16 16:39:13,496 "GET /result/view/all HTTP/1.1" 200 10295
INFO 2023-08-16 16:39:15,201 "GET /site-config HTTP/1.1" 200 10873
INFO 2023-08-16 16:39:16,758 "GET /result/view/all HTTP/1.1" 200 10295
INFO 2023-08-16 16:39:20,473 "GET / HTTP/1.1" 200 9298
INFO 2023-08-16 16:41:54,785 "GET /student/list HTTP/1.1" 200 9954
INFO 2023-08-16 16:41:54,859 "GET /static/dist/css/adminlte.min.css HTTP/1.1" 304 0
INFO 2023-08-16 16:41:57,180 "GET /staff/list/ HTTP/1.1" 200 9897
INFO 2023-08-16 16:47:17,400 C:\Users\SWAPNIL\Downloads\Django-School-Management-System\Django-School-Management-System\school_app\settings.py changed, reloading.
INFO 2023-08-16 16:51:32,714 Watching for file changes with StatReloader
INFO 2023-08-16 16:51:37,696 "GET / HTTP/1.1" 200 9298
INFO 2023-08-16 16:51:37,815 "GET /static/dist/css/adminlte.min.css HTTP/1.1" 304 0
INFO 2023-08-16 16:52:00,028 Watching for file changes with StatReloader
INFO 2023-08-16 16:52:06,291 "GET / HTTP/1.1" 302 0
INFO 2023-08-16 16:52:06,521 "GET /accounts/login/?next=/ HTTP/1.1" 200 3989
INFO 2023-08-16 16:52:07,186 "GET /static/dist/img/login.png HTTP/1.1" 200 445475
INFO 2023-08-16 16:52:07,288 - Broken pipe from ('127.0.0.1', 52638)
INFO 2023-08-16 16:52:07,296 - Broken pipe from ('127.0.0.1', 52639)
INFO 2023-08-16 16:52:07,300 - Broken pipe from ('127.0.0.1', 52637)
INFO 2023-08-16 16:52:21,217 "POST /accounts/login/ HTTP/1.1" 302 0
INFO 2023-08-16 16:52:21,260 "GET / HTTP/1.1" 200 9298
INFO 2023-08-16 16:52:40,739 "GET /staff/list/ HTTP/1.1" 200 9897
INFO 2023-08-16 16:52:43,487 "GET /staff/create/ HTTP/1.1" 200 12608
INFO 2023-08-16 16:52:56,759 "POST /staff/create/ HTTP/1.1" 302 0
INFO 2023-08-16 16:52:56,804 "GET /staff/2/ HTTP/1.1" 200 10814
INFO 2023-08-16 16:53:00,921 "GET /result/view/all HTTP/1.1" 200 10295
INFO 2023-08-16 16:53:03,434 "GET /result/edit-results/ HTTP/1.1" 200 12069
INFO 2023-08-16 16:53:04,535 "GET /result/create/ HTTP/1.1" 200 11279
INFO 2023-08-16 16:53:05,637 "GET /finance/list/ HTTP/1.1" 200 10355
INFO 2023-08-16 16:53:08,869 "GET /term/list/ HTTP/1.1" 200 12239
INFO 2023-08-16 16:53:11,804 "GET /session/list/ HTTP/1.1" 200 12292
INFO 2023-08-16 16:53:14,716 "GET /subject/list/ HTTP/1.1" 200 11690
INFO 2023-08-16 16:53:17,963 "GET /class/list/ HTTP/1.1" 200 12254
INFO 2023-08-16 16:53:21,670 "GET /site-config HTTP/1.1" 200 10873
INFO 2023-08-16 16:53:24,072 "GET /finance/list/ HTTP/1.1" 200 10355
INFO 2023-08-16 16:54:04,598 Watching for file changes with StatReloader
INFO 2023-08-16 16:54:12,242 "GET / HTTP/1.1" 302 0
INFO 2023-08-16 16:54:12,424 "GET /accounts/login/?next=/ HTTP/1.1" 200 3989
INFO 2023-08-16 16:54:13,039 "GET /static/dist/img/login.png HTTP/1.1" 200 445475
INFO 2023-08-16 16:54:13,044 - Broken pipe from ('127.0.0.1', 52678)
INFO 2023-08-16 16:54:19,555 "POST /accounts/login/ HTTP/1.1" 200 4114
INFO 2023-08-16 16:54:19,668 "GET /static/plugins/fontawesome-free/css/all.min.css HTTP/1.1" 304 0
INFO 2023-08-16 16:54:19,674 "GET /static/plugins/toastr/toastr.min.css HTTP/1.1" 304 0
INFO 2023-08-16 16:54:19,679 "GET /static/dist/css/login-page.css HTTP/1.1" 304 0
INFO 2023-08-16 16:54:19,680 "GET /static/plugins/overlayScrollbars/css/OverlayScrollbars.min.css HTTP/1.1" 304 0
INFO 2023-08-16 16:54:19,681 "GET /static/plugins/toastr/toastr.min.js HTTP/1.1" 304 0
INFO 2023-08-16 16:54:19,682 "GET /static/dist/js/jquery.formset.js HTTP/1.1" 304 0
INFO 2023-08-16 16:54:19,694 "GET /static/dist/js/demo.js HTTP/1.1" 304 0
INFO 2023-08-16 16:54:19,689 "GET /static/plugins/overlayScrollbars/js/jquery.overlayScrollbars.min.js HTTP/1.1" 304 0
INFO 2023-08-16 16:54:19,695 "GET /static/dist/js/adminlte.js HTTP/1.1" 304 0
INFO 2023-08-16 16:54:19,700 "GET /static/plugins/jquery/jquery.min.js HTTP/1.1" 304 0
INFO 2023-08-16 16:54:19,685 "GET /static/plugins/bootstrap/js/bootstrap.bundle.min.js HTTP/1.1" 304 0
INFO 2023-08-16 16:54:31,466 "POST /accounts/login/ HTTP/1.1" 302 0
INFO 2023-08-16 16:54:31,510 "GET / HTTP/1.1" 200 9298
INFO 2023-08-16 16:54:31,791 "GET /static/plugins/Datatables/datatables.min.css HTTP/1.1" 304 0
INFO 2023-08-16 16:54:31,806 "GET /static/plugins/Datatables/datatables.min.js HTTP/1.1" 304 0
INFO 2023-08-16 16:54:31,851 "GET /static/plugins/fontawesome-free/webfonts/fa-regular-400.woff2 HTTP/1.1" 304 0
INFO 2023-08-16 16:54:35,919 "GET /staff/list/ HTTP/1.1" 200 10101
INFO 2023-08-16 16:54:39,122 "GET /staff/create/ HTTP/1.1" 200 12608
INFO 2023-08-16 16:54:53,286 "POST /staff/create/ HTTP/1.1" 302 0
INFO 2023-08-16 16:54:53,327 "GET /staff/3/ HTTP/1.1" 200 10811
INFO 2023-08-16 16:54:58,719 "GET /staff/list/ HTTP/1.1" 200 10302
INFO 2023-08-16 16:55:05,312 "GET /result/view/all HTTP/1.1" 200 10295
INFO 2023-08-16 16:55:06,381 "GET /result/edit-results/ HTTP/1.1" 200 12069
INFO 2023-08-16 16:55:07,293 "GET /result/create/ HTTP/1.1" 200 11279
INFO 2023-08-16 16:55:08,363 "GET /finance/list/ HTTP/1.1" 200 10355
INFO 2023-08-16 16:55:11,318 "GET /term/list/ HTTP/1.1" 200 12239
INFO 2023-08-16 16:55:14,203 "GET /subject/list/ HTTP/1.1" 200 11690
INFO 2023-08-16 16:55:16,753 "GET /class/list/ HTTP/1.1" 200 12254
INFO 2023-08-16 16:55:18,221 "GET /site-config HTTP/1.1" 200 10873
